<?xml version="1.0" encoding="UTF-8"?>
<testsuite name="ComputerRepairRequestTest" tests="2" skipped="0" failures="0" errors="0" timestamp="2025-03-04T11:17:45" hostname="DESKTOP-LI67DLG" time="0.027">
  <properties/>
  <testcase name="First Test" classname="ComputerRepairRequestTest" time="0.025"/>
  <testcase name="Test Exmeplu" classname="ComputerRepairRequestTest" time="0.0"/>
  <system-out><![CDATA[]]></system-out>
  <system-err><![CDATA[]]></system-err>
</testsuite>
